<?xml version="1.0" encoding="UTF-8"?>
<Site BuildName="Linux-c++"
	BuildStamp="20241103-1049-Experimental"
	Name="Luna-Mint"
	Generator="ctest-3.22.1"
	CompilerName="/usr/bin/c++"
	CompilerVersion="11.4.0"
	OSName="Linux"
	Hostname="Luna-Mint"
	OSRelease="5.15.0-122-generic"
	OSVersion="#132-Ubuntu SMP Thu Aug 29 13:45:52 UTC 2024"
	OSPlatform="x86_64"
	Is64Bits="1"
	VendorString="GenuineIntel"
	VendorID="Intel Corporation"
	FamilyID="6"
	ModelID="154"
	ProcessorCacheSize="12288"
	NumberOfLogicalCPU="16"
	NumberOfPhysicalCPU="12"
	TotalVirtualMemory="2047"
	TotalPhysicalMemory="15224"
	LogicalProcessorsPerPhysical="1"
	ProcessorClockFrequency="3692.3"
	>
	<Testing>
		<StartDateTime>Nov 03 03:01 PST</StartDateTime>
		<StartTestTime>1730631719</StartTestTime>
		<TestList/>
		<EndDateTime>Nov 03 03:01 PST</EndDateTime>
		<EndTestTime>1730631719</EndTestTime>
		<ElapsedMinutes>0</ElapsedMinutes>
	</Testing>
</Site>
